<?xml version="1.0" encoding="UTF-8"?>
<!-- Generated by org.testng.reporters.JUnitReportReporter -->
<testsuite skipped="0" hostname="LAPTOP-R3U6M9V8" name="com.pinke.test.demo.TestNGDemo2" tests="2" failures="0" timestamp="29 三月 2018 03:21:20 GMT" time="0.013" errors="0">
  <testcase name="test1" time="0.011" classname="com.pinke.test.demo.TestNGDemo2"/>
  <testcase name="test2" time="0.002" classname="com.pinke.test.demo.TestNGDemo2"/>
</testsuite> <!-- com.pinke.test.demo.TestNGDemo2 -->
