<?xml version="1.0" encoding="UTF-8"?>
<!-- Generated by org.testng.reporters.JUnitReportReporter -->
<testsuite skipped="0" hostname="LAPTOP-R3U6M9V8" name="com.pinke.test.demo.CalcTest" tests="12" failures="0" timestamp="31 三月 2018 05:53:47 GMT" time="0.017" errors="0">
  <testcase name="testCompute1" time="0.001" classname="com.pinke.test.demo.CalcTest"/>
  <testcase name="testCompute1" time="0.001" classname="com.pinke.test.demo.CalcTest"/>
  <testcase name="testCompute1" time="0.001" classname="com.pinke.test.demo.CalcTest"/>
  <testcase name="testCompute1" time="0.001" classname="com.pinke.test.demo.CalcTest"/>
  <testcase name="testCompute1" time="0.007" classname="com.pinke.test.demo.CalcTest"/>
  <testcase name="testCompute1" time="0.001" classname="com.pinke.test.demo.CalcTest"/>
  <testcase name="testCompute1" time="0.001" classname="com.pinke.test.demo.CalcTest"/>
  <testcase name="testCompute1" time="0.002" classname="com.pinke.test.demo.CalcTest"/>
  <testcase name="testCompute1" time="0.001" classname="com.pinke.test.demo.CalcTest"/>
  <testcase name="testCompute1" time="0.001" classname="com.pinke.test.demo.CalcTest"/>
  <testcase name="testCompute1" time="0.000" classname="com.pinke.test.demo.CalcTest"/>
  <testcase name="testCompute1" time="0.000" classname="com.pinke.test.demo.CalcTest"/>
</testsuite> <!-- com.pinke.test.demo.CalcTest -->
