<?xml version="1.0" encoding="UTF-8"?>
<!-- Generated by org.testng.reporters.JUnitReportReporter -->
<testsuite skipped="0" hostname="LAPTOP-R3U6M9V8" name="com.pinke.test.demo.TestNGDemo2" tests="2" failures="0" timestamp="02 四月 2018 05:40:04 GMT" time="0.003" errors="0">
  <testcase name="test1" time="0.003" classname="com.pinke.test.demo.TestNGDemo2"/>
  <testcase name="test2" time="0.000" classname="com.pinke.test.demo.TestNGDemo2"/>
</testsuite> <!-- com.pinke.test.demo.TestNGDemo2 -->
