<?xml version="1.0" encoding="UTF-8"?>
<!-- Generated by org.testng.reporters.JUnitReportReporter -->
<testsuite skipped="0" hostname="LAPTOP-R3U6M9V8" name="com.pinke.test.demo.TestNGDemo1" tests="1" failures="0" timestamp="28 三月 2018 04:43:59 GMT" time="0.016" errors="0">
  <testcase name="test1" time="0.016" classname="com.pinke.test.demo.TestNGDemo1"/>
</testsuite> <!-- com.pinke.test.demo.TestNGDemo1 -->
