<?xml version="1.0" encoding="UTF-8"?>
<!-- Generated by org.testng.reporters.JUnitReportReporter -->
<testsuite skipped="0" hostname="LAPTOP-R3U6M9V8" name="com.pinke.test.demo.TestNGDemo3" tests="2" failures="0" timestamp="02 四月 2018 05:40:04 GMT" time="0.000" errors="0">
  <testcase name="test4" time="0.000" classname="com.pinke.test.demo.TestNGDemo3"/>
  <testcase name="test3" time="0.000" classname="com.pinke.test.demo.TestNGDemo3"/>
</testsuite> <!-- com.pinke.test.demo.TestNGDemo3 -->
